2025-09-05T14:52:10.669+09:00  INFO 18660 --- [CapstoneProjectManagementPlatform] [restartedMain] toneProjectManagementPlatformApplication : Starting CapstoneProjectManagementPlatformApplication using Java 17.0.2 with PID 18660 (C:\myproject2\CapstoneProjectManagementPlatform\target\classes started by 82103 in C:\myproject2\CapstoneProjectManagementPlatform)
2025-09-05T14:52:10.673+09:00  INFO 18660 --- [CapstoneProjectManagementPlatform] [restartedMain] toneProjectManagementPlatformApplication : The following 1 profile is active: "prod"
2025-09-05T14:52:10.721+09:00  INFO 18660 --- [CapstoneProjectManagementPlatform] [restartedMain] .e.DevToolsPropertyDefaultsPostProcessor : Devtools property defaults active! Set 'spring.devtools.add-properties' to 'false' to disable
2025-09-05T14:52:10.721+09:00  INFO 18660 --- [CapstoneProjectManagementPlatform] [restartedMain] .e.DevToolsPropertyDefaultsPostProcessor : For additional web related logging consider setting the 'logging.level.web' property to 'DEBUG'
2025-09-05T14:52:12.006+09:00  INFO 18660 --- [CapstoneProjectManagementPlatform] [restartedMain] .s.d.r.c.RepositoryConfigurationDelegate : Bootstrapping Spring Data JPA repositories in DEFAULT mode.
2025-09-05T14:52:12.037+09:00  INFO 18660 --- [CapstoneProjectManagementPlatform] [restartedMain] .s.d.r.c.RepositoryConfigurationDelegate : Finished Spring Data repository scanning in 18 ms. Found 0 JPA repository interfaces.
2025-09-05T14:52:12.651+09:00  INFO 18660 --- [CapstoneProjectManagementPlatform] [restartedMain] o.s.b.w.e.t.TomcatWebServer              : Tomcat initialized with port 8080 (http)
2025-09-05T14:52:12.666+09:00  INFO 18660 --- [CapstoneProjectManagementPlatform] [restartedMain] o.a.c.c.StandardService                  : Starting service [Tomcat]
2025-09-05T14:52:12.668+09:00  INFO 18660 --- [CapstoneProjectManagementPlatform] [restartedMain] o.a.c.c.StandardEngine                   : Starting Servlet engine: [Apache Tomcat/10.1.43]
2025-09-05T14:52:12.741+09:00  INFO 18660 --- [CapstoneProjectManagementPlatform] [restartedMain] o.a.c.c.C.[.[.[/]                        : Initializing Spring embedded WebApplicationContext
2025-09-05T14:52:12.742+09:00  INFO 18660 --- [CapstoneProjectManagementPlatform] [restartedMain] w.s.c.ServletWebServerApplicationContext : Root WebApplicationContext: initialization completed in 2020 ms
2025-09-05T14:52:12.982+09:00  INFO 18660 --- [CapstoneProjectManagementPlatform] [restartedMain] c.z.h.HikariDataSource                   : HikariPool-1 - Starting...
2025-09-05T14:52:13.190+09:00  INFO 18660 --- [CapstoneProjectManagementPlatform] [restartedMain] c.z.h.p.HikariPool                       : HikariPool-1 - Added connection conn0: url=jdbc:h2:mem:a76b58a1-e6fc-4c7a-ac0e-d677ca15f398 user=SA
2025-09-05T14:52:13.192+09:00  INFO 18660 --- [CapstoneProjectManagementPlatform] [restartedMain] c.z.h.HikariDataSource                   : HikariPool-1 - Start completed.
2025-09-05T14:52:13.242+09:00  INFO 18660 --- [CapstoneProjectManagementPlatform] [restartedMain] o.h.j.i.u.LogHelper                      : HHH000204: Processing PersistenceUnitInfo [name: default]
2025-09-05T14:52:13.314+09:00  INFO 18660 --- [CapstoneProjectManagementPlatform] [restartedMain] o.h.Version                              : HHH000412: Hibernate ORM core version 6.6.22.Final
2025-09-05T14:52:13.351+09:00  INFO 18660 --- [CapstoneProjectManagementPlatform] [restartedMain] o.h.c.i.RegionFactoryInitiator           : HHH000026: Second-level cache disabled
2025-09-05T14:52:13.678+09:00  INFO 18660 --- [CapstoneProjectManagementPlatform] [restartedMain] o.s.o.j.p.SpringPersistenceUnitInfo      : No LoadTimeWeaver setup: ignoring JPA class transformer
2025-09-05T14:52:13.806+09:00  INFO 18660 --- [CapstoneProjectManagementPlatform] [restartedMain] o.h.o.c.pooling                          : HHH10001005: Database info:
	Database JDBC URL [Connecting through datasource 'HikariDataSource (HikariPool-1)']
	Database driver: undefined/unknown
	Database version: 2.3.232
	Autocommit mode: undefined/unknown
	Isolation level: undefined/unknown
	Minimum pool size: undefined/unknown
	Maximum pool size: undefined/unknown
2025-09-05T14:52:14.229+09:00  INFO 18660 --- [CapstoneProjectManagementPlatform] [restartedMain] o.h.e.t.j.p.i.JtaPlatformInitiator       : HHH000489: No JTA platform available (set 'hibernate.transaction.jta.platform' to enable JTA platform integration)
2025-09-05T14:52:14.233+09:00  INFO 18660 --- [CapstoneProjectManagementPlatform] [restartedMain] j.LocalContainerEntityManagerFactoryBean : Initialized JPA EntityManagerFactory for persistence unit 'default'
2025-09-05T14:52:14.288+09:00  WARN 18660 --- [CapstoneProjectManagementPlatform] [restartedMain] JpaBaseConfiguration$JpaWebConfiguration : spring.jpa.open-in-view is enabled by default. Therefore, database queries may be performed during view rendering. Explicitly configure spring.jpa.open-in-view to disable this warning
2025-09-05T14:52:14.550+09:00  WARN 18660 --- [CapstoneProjectManagementPlatform] [restartedMain] ion$DefaultTemplateResolverConfiguration : Cannot find template location: classpath:/templates/ (please add some templates, check your Thymeleaf configuration, or set spring.thymeleaf.check-template-location=false)
2025-09-05T14:52:14.849+09:00  WARN 18660 --- [CapstoneProjectManagementPlatform] [restartedMain] .s.s.UserDetailsServiceAutoConfiguration : 

Using generated security password: f529b71a-5fa9-474e-aa63-79481e48044f

This generated password is for development use only. Your security configuration must be updated before running your application in production.

2025-09-05T14:52:14.894+09:00  INFO 18660 --- [CapstoneProjectManagementPlatform] [restartedMain] r$InitializeUserDetailsManagerConfigurer : Global AuthenticationManager configured with UserDetailsService bean with name inMemoryUserDetailsManager
2025-09-05T14:52:15.025+09:00  INFO 18660 --- [CapstoneProjectManagementPlatform] [restartedMain] o.s.b.a.e.w.EndpointLinksResolver        : Exposing 15 endpoints beneath base path '/actuator'
2025-09-05T14:52:15.092+09:00  INFO 18660 --- [CapstoneProjectManagementPlatform] [restartedMain] o.s.b.a.h.H2ConsoleAutoConfiguration     : H2 console available at '/h2-console'. Database available at 'jdbc:h2:mem:a76b58a1-e6fc-4c7a-ac0e-d677ca15f398'
2025-09-05T14:52:15.144+09:00  INFO 18660 --- [CapstoneProjectManagementPlatform] [restartedMain] o.s.b.d.a.OptionalLiveReloadServer       : LiveReload server is running on port 35729
2025-09-05T14:52:15.224+09:00  INFO 18660 --- [CapstoneProjectManagementPlatform] [restartedMain] o.s.b.w.e.t.TomcatWebServer              : Tomcat started on port 8080 (http) with context path '/'
2025-09-05T14:52:15.241+09:00  INFO 18660 --- [CapstoneProjectManagementPlatform] [restartedMain] toneProjectManagementPlatformApplication : Started CapstoneProjectManagementPlatformApplication in 5.105 seconds (process running for 8.405)
2025-09-05T14:52:15.872+09:00  INFO 18660 --- [CapstoneProjectManagementPlatform] [RMI TCP Connection(1)-192.168.45.246] o.a.c.c.C.[.[.[/]                        : Initializing Spring DispatcherServlet 'dispatcherServlet'
2025-09-05T14:52:15.872+09:00  INFO 18660 --- [CapstoneProjectManagementPlatform] [RMI TCP Connection(1)-192.168.45.246] o.s.w.s.DispatcherServlet                : Initializing Servlet 'dispatcherServlet'
2025-09-05T14:52:15.874+09:00  INFO 18660 --- [CapstoneProjectManagementPlatform] [RMI TCP Connection(1)-192.168.45.246] o.s.w.s.DispatcherServlet                : Completed initialization in 1 ms
2025-09-05T14:52:29.843+09:00  INFO 18660 --- [CapstoneProjectManagementPlatform] [File Watcher] rtingClassPathChangeChangedEventListener : Restarting due to 15 class path changes (0 additions, 14 deletions, 1 modification)
2025-09-05T14:52:29.846+09:00  INFO 18660 --- [CapstoneProjectManagementPlatform] [Thread-5] o.s.b.w.e.t.GracefulShutdown             : Commencing graceful shutdown. Waiting for active requests to complete
2025-09-05T14:52:30.555+09:00  INFO 18660 --- [CapstoneProjectManagementPlatform] [tomcat-shutdown] o.s.b.w.e.t.GracefulShutdown             : Graceful shutdown complete
2025-09-05T14:52:30.566+09:00  INFO 18660 --- [CapstoneProjectManagementPlatform] [Thread-5] j.LocalContainerEntityManagerFactoryBean : Closing JPA EntityManagerFactory for persistence unit 'default'
2025-09-05T14:52:30.578+09:00  WARN 18660 --- [CapstoneProjectManagementPlatform] [Thread-5] o.s.b.f.s.DisposableBeanAdapter          : Invocation of destroy method failed on bean with name 'inMemoryDatabaseShutdownExecutor': org.h2.jdbc.JdbcSQLNonTransientConnectionException: Database is already closed (to disable automatic closing at VM shutdown, add ";DB_CLOSE_ON_EXIT=FALSE" to the db URL) [90121-232]
2025-09-05T14:52:30.580+09:00  INFO 18660 --- [CapstoneProjectManagementPlatform] [Thread-5] c.z.h.HikariDataSource                   : HikariPool-1 - Shutdown initiated...
2025-09-05T14:52:30.583+09:00  INFO 18660 --- [CapstoneProjectManagementPlatform] [Thread-5] c.z.h.HikariDataSource                   : HikariPool-1 - Shutdown completed.
2025-09-05T14:52:30.716+09:00  INFO 18660 --- [CapstoneProjectManagementPlatform] [restartedMain] toneProjectManagementPlatformApplication : Starting CapstoneProjectManagementPlatformApplication using Java 17.0.2 with PID 18660 (C:\myproject2\CapstoneProjectManagementPlatform\target\classes started by 82103 in C:\myproject2\CapstoneProjectManagementPlatform)
2025-09-05T14:52:30.716+09:00  INFO 18660 --- [CapstoneProjectManagementPlatform] [restartedMain] toneProjectManagementPlatformApplication : The following 1 profile is active: "prod"
2025-09-05T14:52:31.267+09:00  INFO 18660 --- [CapstoneProjectManagementPlatform] [restartedMain] .s.d.r.c.RepositoryConfigurationDelegate : Bootstrapping Spring Data JPA repositories in DEFAULT mode.
2025-09-05T14:52:31.272+09:00  INFO 18660 --- [CapstoneProjectManagementPlatform] [restartedMain] .s.d.r.c.RepositoryConfigurationDelegate : Finished Spring Data repository scanning in 2 ms. Found 0 JPA repository interfaces.
2025-09-05T14:52:31.360+09:00  INFO 18660 --- [CapstoneProjectManagementPlatform] [restartedMain] o.s.b.w.e.t.TomcatWebServer              : Tomcat initialized with port 8080 (http)
2025-09-05T14:52:31.361+09:00  INFO 18660 --- [CapstoneProjectManagementPlatform] [restartedMain] o.a.c.c.StandardService                  : Starting service [Tomcat]
2025-09-05T14:52:31.361+09:00  INFO 18660 --- [CapstoneProjectManagementPlatform] [restartedMain] o.a.c.c.StandardEngine                   : Starting Servlet engine: [Apache Tomcat/10.1.43]
2025-09-05T14:52:31.394+09:00  INFO 18660 --- [CapstoneProjectManagementPlatform] [restartedMain] o.a.c.c.C.[.[.[/]                        : Initializing Spring embedded WebApplicationContext
2025-09-05T14:52:31.395+09:00  INFO 18660 --- [CapstoneProjectManagementPlatform] [restartedMain] w.s.c.ServletWebServerApplicationContext : Root WebApplicationContext: initialization completed in 676 ms
2025-09-05T14:52:31.453+09:00  INFO 18660 --- [CapstoneProjectManagementPlatform] [restartedMain] c.z.h.HikariDataSource                   : HikariPool-2 - Starting...
2025-09-05T14:52:31.456+09:00  INFO 18660 --- [CapstoneProjectManagementPlatform] [restartedMain] c.z.h.p.HikariPool                       : HikariPool-2 - Added connection conn10: url=jdbc:h2:mem:760f7f7a-7e47-42a7-a813-9073fa6d7a54 user=SA
2025-09-05T14:52:31.457+09:00  INFO 18660 --- [CapstoneProjectManagementPlatform] [restartedMain] c.z.h.HikariDataSource                   : HikariPool-2 - Start completed.
2025-09-05T14:52:31.459+09:00  INFO 18660 --- [CapstoneProjectManagementPlatform] [restartedMain] o.h.j.i.u.LogHelper                      : HHH000204: Processing PersistenceUnitInfo [name: default]
2025-09-05T14:52:31.463+09:00  INFO 18660 --- [CapstoneProjectManagementPlatform] [restartedMain] o.h.c.i.RegionFactoryInitiator           : HHH000026: Second-level cache disabled
2025-09-05T14:52:31.476+09:00  INFO 18660 --- [CapstoneProjectManagementPlatform] [restartedMain] o.s.o.j.p.SpringPersistenceUnitInfo      : No LoadTimeWeaver setup: ignoring JPA class transformer
2025-09-05T14:52:31.478+09:00  INFO 18660 --- [CapstoneProjectManagementPlatform] [restartedMain] o.h.o.c.pooling                          : HHH10001005: Database info:
	Database JDBC URL [Connecting through datasource 'HikariDataSource (HikariPool-2)']
	Database driver: undefined/unknown
	Database version: 2.3.232
	Autocommit mode: undefined/unknown
	Isolation level: undefined/unknown
	Minimum pool size: undefined/unknown
	Maximum pool size: undefined/unknown
2025-09-05T14:52:31.507+09:00  INFO 18660 --- [CapstoneProjectManagementPlatform] [restartedMain] o.h.e.t.j.p.i.JtaPlatformInitiator       : HHH000489: No JTA platform available (set 'hibernate.transaction.jta.platform' to enable JTA platform integration)
2025-09-05T14:52:31.508+09:00  INFO 18660 --- [CapstoneProjectManagementPlatform] [restartedMain] j.LocalContainerEntityManagerFactoryBean : Initialized JPA EntityManagerFactory for persistence unit 'default'
2025-09-05T14:52:31.535+09:00  WARN 18660 --- [CapstoneProjectManagementPlatform] [restartedMain] JpaBaseConfiguration$JpaWebConfiguration : spring.jpa.open-in-view is enabled by default. Therefore, database queries may be performed during view rendering. Explicitly configure spring.jpa.open-in-view to disable this warning
2025-09-05T14:52:31.687+09:00  WARN 18660 --- [CapstoneProjectManagementPlatform] [restartedMain] ion$DefaultTemplateResolverConfiguration : Cannot find template location: classpath:/templates/ (please add some templates, check your Thymeleaf configuration, or set spring.thymeleaf.check-template-location=false)
2025-09-05T14:52:31.916+09:00  WARN 18660 --- [CapstoneProjectManagementPlatform] [restartedMain] .s.s.UserDetailsServiceAutoConfiguration : 

Using generated security password: a9fea469-8f76-4eef-b50c-c33e3fe2abd2

This generated password is for development use only. Your security configuration must be updated before running your application in production.

2025-09-05T14:52:31.919+09:00  INFO 18660 --- [CapstoneProjectManagementPlatform] [restartedMain] r$InitializeUserDetailsManagerConfigurer : Global AuthenticationManager configured with UserDetailsService bean with name inMemoryUserDetailsManager
2025-09-05T14:52:31.945+09:00  INFO 18660 --- [CapstoneProjectManagementPlatform] [restartedMain] o.s.b.a.e.w.EndpointLinksResolver        : Exposing 15 endpoints beneath base path '/actuator'
2025-09-05T14:52:31.995+09:00  INFO 18660 --- [CapstoneProjectManagementPlatform] [restartedMain] o.s.b.a.h.H2ConsoleAutoConfiguration     : H2 console available at '/h2-console'. Database available at 'jdbc:h2:mem:760f7f7a-7e47-42a7-a813-9073fa6d7a54'
2025-09-05T14:52:32.021+09:00  INFO 18660 --- [CapstoneProjectManagementPlatform] [restartedMain] o.s.b.d.a.OptionalLiveReloadServer       : LiveReload server is running on port 35729
2025-09-05T14:52:32.053+09:00  INFO 18660 --- [CapstoneProjectManagementPlatform] [restartedMain] o.s.b.w.e.t.TomcatWebServer              : Tomcat started on port 8080 (http) with context path '/'
2025-09-05T14:52:32.068+09:00  INFO 18660 --- [CapstoneProjectManagementPlatform] [restartedMain] toneProjectManagementPlatformApplication : Started CapstoneProjectManagementPlatformApplication in 1.425 seconds (process running for 25.232)
2025-09-05T14:52:32.072+09:00  INFO 18660 --- [CapstoneProjectManagementPlatform] [restartedMain] .ConditionEvaluationDeltaLoggingListener : Condition evaluation unchanged
2025-09-05T14:52:33.461+09:00  INFO 18660 --- [CapstoneProjectManagementPlatform] [File Watcher] rtingClassPathChangeChangedEventListener : Restarting due to 14 class path changes (14 additions, 0 deletions, 0 modifications)
2025-09-05T14:52:33.463+09:00  INFO 18660 --- [CapstoneProjectManagementPlatform] [Thread-7] o.s.b.w.e.t.GracefulShutdown             : Commencing graceful shutdown. Waiting for active requests to complete
2025-09-05T14:52:34.340+09:00  INFO 18660 --- [CapstoneProjectManagementPlatform] [tomcat-shutdown] o.s.b.w.e.t.GracefulShutdown             : Graceful shutdown complete
2025-09-05T14:52:34.344+09:00  INFO 18660 --- [CapstoneProjectManagementPlatform] [Thread-7] j.LocalContainerEntityManagerFactoryBean : Closing JPA EntityManagerFactory for persistence unit 'default'
2025-09-05T14:52:34.344+09:00  WARN 18660 --- [CapstoneProjectManagementPlatform] [Thread-7] o.s.b.f.s.DisposableBeanAdapter          : Invocation of destroy method failed on bean with name 'inMemoryDatabaseShutdownExecutor': org.h2.jdbc.JdbcSQLNonTransientConnectionException: Database is already closed (to disable automatic closing at VM shutdown, add ";DB_CLOSE_ON_EXIT=FALSE" to the db URL) [90121-232]
2025-09-05T14:52:34.346+09:00  INFO 18660 --- [CapstoneProjectManagementPlatform] [Thread-7] c.z.h.HikariDataSource                   : HikariPool-2 - Shutdown initiated...
2025-09-05T14:52:34.346+09:00  INFO 18660 --- [CapstoneProjectManagementPlatform] [Thread-7] c.z.h.HikariDataSource                   : HikariPool-2 - Shutdown completed.
2025-09-05T14:52:34.456+09:00  INFO 18660 --- [CapstoneProjectManagementPlatform] [restartedMain] toneProjectManagementPlatformApplication : Starting CapstoneProjectManagementPlatformApplication using Java 17.0.2 with PID 18660 (C:\myproject2\CapstoneProjectManagementPlatform\target\classes started by 82103 in C:\myproject2\CapstoneProjectManagementPlatform)
2025-09-05T14:52:34.456+09:00  INFO 18660 --- [CapstoneProjectManagementPlatform] [restartedMain] toneProjectManagementPlatformApplication : The following 1 profile is active: "prod"
2025-09-05T14:52:35.000+09:00  INFO 18660 --- [CapstoneProjectManagementPlatform] [restartedMain] .s.d.r.c.RepositoryConfigurationDelegate : Bootstrapping Spring Data JPA repositories in DEFAULT mode.
2025-09-05T14:52:35.007+09:00  INFO 18660 --- [CapstoneProjectManagementPlatform] [restartedMain] .s.d.r.c.RepositoryConfigurationDelegate : Finished Spring Data repository scanning in 4 ms. Found 0 JPA repository interfaces.
2025-09-05T14:52:35.126+09:00  INFO 18660 --- [CapstoneProjectManagementPlatform] [restartedMain] o.s.b.w.e.t.TomcatWebServer              : Tomcat initialized with port 8080 (http)
2025-09-05T14:52:35.127+09:00  INFO 18660 --- [CapstoneProjectManagementPlatform] [restartedMain] o.a.c.c.StandardService                  : Starting service [Tomcat]
2025-09-05T14:52:35.127+09:00  INFO 18660 --- [CapstoneProjectManagementPlatform] [restartedMain] o.a.c.c.StandardEngine                   : Starting Servlet engine: [Apache Tomcat/10.1.43]
2025-09-05T14:52:35.174+09:00  INFO 18660 --- [CapstoneProjectManagementPlatform] [restartedMain] o.a.c.c.C.[.[.[/]                        : Initializing Spring embedded WebApplicationContext
2025-09-05T14:52:35.174+09:00  INFO 18660 --- [CapstoneProjectManagementPlatform] [restartedMain] w.s.c.ServletWebServerApplicationContext : Root WebApplicationContext: initialization completed in 716 ms
2025-09-05T14:52:35.245+09:00  INFO 18660 --- [CapstoneProjectManagementPlatform] [restartedMain] c.z.h.HikariDataSource                   : HikariPool-3 - Starting...
2025-09-05T14:52:35.248+09:00  INFO 18660 --- [CapstoneProjectManagementPlatform] [restartedMain] c.z.h.p.HikariPool                       : HikariPool-3 - Added connection conn20: url=jdbc:h2:mem:7e1a3c0d-4cdc-4532-8851-b8920a2d1bbd user=SA
2025-09-05T14:52:35.249+09:00  INFO 18660 --- [CapstoneProjectManagementPlatform] [restartedMain] c.z.h.HikariDataSource                   : HikariPool-3 - Start completed.
2025-09-05T14:52:35.251+09:00  INFO 18660 --- [CapstoneProjectManagementPlatform] [restartedMain] o.h.j.i.u.LogHelper                      : HHH000204: Processing PersistenceUnitInfo [name: default]
2025-09-05T14:52:35.257+09:00  INFO 18660 --- [CapstoneProjectManagementPlatform] [restartedMain] o.h.c.i.RegionFactoryInitiator           : HHH000026: Second-level cache disabled
2025-09-05T14:52:35.278+09:00  INFO 18660 --- [CapstoneProjectManagementPlatform] [restartedMain] o.s.o.j.p.SpringPersistenceUnitInfo      : No LoadTimeWeaver setup: ignoring JPA class transformer
2025-09-05T14:52:35.282+09:00  INFO 18660 --- [CapstoneProjectManagementPlatform] [restartedMain] o.h.o.c.pooling                          : HHH10001005: Database info:
	Database JDBC URL [Connecting through datasource 'HikariDataSource (HikariPool-3)']
	Database driver: undefined/unknown
	Database version: 2.3.232
	Autocommit mode: undefined/unknown
	Isolation level: undefined/unknown
	Minimum pool size: undefined/unknown
	Maximum pool size: undefined/unknown
2025-09-05T14:52:35.322+09:00  INFO 18660 --- [CapstoneProjectManagementPlatform] [restartedMain] o.h.e.t.j.p.i.JtaPlatformInitiator       : HHH000489: No JTA platform available (set 'hibernate.transaction.jta.platform' to enable JTA platform integration)
2025-09-05T14:52:35.323+09:00  INFO 18660 --- [CapstoneProjectManagementPlatform] [restartedMain] j.LocalContainerEntityManagerFactoryBean : Initialized JPA EntityManagerFactory for persistence unit 'default'
2025-09-05T14:52:35.365+09:00  WARN 18660 --- [CapstoneProjectManagementPlatform] [restartedMain] JpaBaseConfiguration$JpaWebConfiguration : spring.jpa.open-in-view is enabled by default. Therefore, database queries may be performed during view rendering. Explicitly configure spring.jpa.open-in-view to disable this warning
2025-09-05T14:52:35.479+09:00  WARN 18660 --- [CapstoneProjectManagementPlatform] [restartedMain] ion$DefaultTemplateResolverConfiguration : Cannot find template location: classpath:/templates/ (please add some templates, check your Thymeleaf configuration, or set spring.thymeleaf.check-template-location=false)
2025-09-05T14:52:35.685+09:00  WARN 18660 --- [CapstoneProjectManagementPlatform] [restartedMain] .s.s.UserDetailsServiceAutoConfiguration : 

Using generated security password: 667f4d63-7f6c-4501-89e2-f9e3d422d49d

This generated password is for development use only. Your security configuration must be updated before running your application in production.

2025-09-05T14:52:35.687+09:00  INFO 18660 --- [CapstoneProjectManagementPlatform] [restartedMain] r$InitializeUserDetailsManagerConfigurer : Global AuthenticationManager configured with UserDetailsService bean with name inMemoryUserDetailsManager
2025-09-05T14:52:35.714+09:00  INFO 18660 --- [CapstoneProjectManagementPlatform] [restartedMain] o.s.b.a.e.w.EndpointLinksResolver        : Exposing 15 endpoints beneath base path '/actuator'
2025-09-05T14:52:35.776+09:00  INFO 18660 --- [CapstoneProjectManagementPlatform] [restartedMain] o.s.b.a.h.H2ConsoleAutoConfiguration     : H2 console available at '/h2-console'. Database available at 'jdbc:h2:mem:7e1a3c0d-4cdc-4532-8851-b8920a2d1bbd'
2025-09-05T14:52:35.803+09:00  INFO 18660 --- [CapstoneProjectManagementPlatform] [restartedMain] o.s.b.d.a.OptionalLiveReloadServer       : LiveReload server is running on port 35729
2025-09-05T14:52:35.839+09:00  INFO 18660 --- [CapstoneProjectManagementPlatform] [restartedMain] o.s.b.w.e.t.TomcatWebServer              : Tomcat started on port 8080 (http) with context path '/'
2025-09-05T14:52:35.855+09:00  INFO 18660 --- [CapstoneProjectManagementPlatform] [restartedMain] toneProjectManagementPlatformApplication : Started CapstoneProjectManagementPlatformApplication in 1.462 seconds (process running for 29.019)
2025-09-05T14:52:35.859+09:00  INFO 18660 --- [CapstoneProjectManagementPlatform] [restartedMain] .ConditionEvaluationDeltaLoggingListener : Condition evaluation unchanged
2025-09-05T15:00:42.256+09:00  INFO 18660 --- [CapstoneProjectManagementPlatform] [File Watcher] rtingClassPathChangeChangedEventListener : Restarting due to 3 class path changes (0 additions, 3 deletions, 0 modifications)
2025-09-05T15:00:42.258+09:00  INFO 18660 --- [CapstoneProjectManagementPlatform] [Thread-12] o.s.b.w.e.t.GracefulShutdown             : Commencing graceful shutdown. Waiting for active requests to complete
2025-09-05T15:00:42.730+09:00  INFO 18660 --- [CapstoneProjectManagementPlatform] [tomcat-shutdown] o.s.b.w.e.t.GracefulShutdown             : Graceful shutdown complete
2025-09-05T15:00:42.734+09:00  INFO 18660 --- [CapstoneProjectManagementPlatform] [Thread-12] j.LocalContainerEntityManagerFactoryBean : Closing JPA EntityManagerFactory for persistence unit 'default'
2025-09-05T15:00:42.734+09:00  WARN 18660 --- [CapstoneProjectManagementPlatform] [Thread-12] o.s.b.f.s.DisposableBeanAdapter          : Invocation of destroy method failed on bean with name 'inMemoryDatabaseShutdownExecutor': org.h2.jdbc.JdbcSQLNonTransientConnectionException: Database is already closed (to disable automatic closing at VM shutdown, add ";DB_CLOSE_ON_EXIT=FALSE" to the db URL) [90121-232]
2025-09-05T15:00:42.735+09:00  INFO 18660 --- [CapstoneProjectManagementPlatform] [Thread-12] c.z.h.HikariDataSource                   : HikariPool-3 - Shutdown initiated...
2025-09-05T15:00:42.737+09:00  INFO 18660 --- [CapstoneProjectManagementPlatform] [Thread-12] c.z.h.HikariDataSource                   : HikariPool-3 - Shutdown completed.
2025-09-05T15:00:42.836+09:00  INFO 18660 --- [CapstoneProjectManagementPlatform] [restartedMain] toneProjectManagementPlatformApplication : Starting CapstoneProjectManagementPlatformApplication using Java 17.0.2 with PID 18660 (C:\myproject2\CapstoneProjectManagementPlatform\target\classes started by 82103 in C:\myproject2\CapstoneProjectManagementPlatform)
2025-09-05T15:00:42.836+09:00  INFO 18660 --- [CapstoneProjectManagementPlatform] [restartedMain] toneProjectManagementPlatformApplication : The following 1 profile is active: "prod"
2025-09-05T15:00:43.261+09:00  INFO 18660 --- [CapstoneProjectManagementPlatform] [restartedMain] .s.d.r.c.RepositoryConfigurationDelegate : Bootstrapping Spring Data JPA repositories in DEFAULT mode.
2025-09-05T15:00:43.264+09:00  INFO 18660 --- [CapstoneProjectManagementPlatform] [restartedMain] .s.d.r.c.RepositoryConfigurationDelegate : Finished Spring Data repository scanning in 2 ms. Found 0 JPA repository interfaces.
2025-09-05T15:00:43.370+09:00  INFO 18660 --- [CapstoneProjectManagementPlatform] [restartedMain] o.s.b.w.e.t.TomcatWebServer              : Tomcat initialized with port 8080 (http)
2025-09-05T15:00:43.371+09:00  INFO 18660 --- [CapstoneProjectManagementPlatform] [restartedMain] o.a.c.c.StandardService                  : Starting service [Tomcat]
2025-09-05T15:00:43.371+09:00  INFO 18660 --- [CapstoneProjectManagementPlatform] [restartedMain] o.a.c.c.StandardEngine                   : Starting Servlet engine: [Apache Tomcat/10.1.43]
2025-09-05T15:00:43.405+09:00  INFO 18660 --- [CapstoneProjectManagementPlatform] [restartedMain] o.a.c.c.C.[.[.[/]                        : Initializing Spring embedded WebApplicationContext
2025-09-05T15:00:43.405+09:00  INFO 18660 --- [CapstoneProjectManagementPlatform] [restartedMain] w.s.c.ServletWebServerApplicationContext : Root WebApplicationContext: initialization completed in 566 ms
2025-09-05T15:00:43.462+09:00  INFO 18660 --- [CapstoneProjectManagementPlatform] [restartedMain] c.z.h.HikariDataSource                   : HikariPool-4 - Starting...
2025-09-05T15:00:43.465+09:00  INFO 18660 --- [CapstoneProjectManagementPlatform] [restartedMain] c.z.h.p.HikariPool                       : HikariPool-4 - Added connection conn30: url=jdbc:h2:mem:874be169-6a87-4258-9db9-86f50f1b7d6a user=SA
2025-09-05T15:00:43.466+09:00  INFO 18660 --- [CapstoneProjectManagementPlatform] [restartedMain] c.z.h.HikariDataSource                   : HikariPool-4 - Start completed.
2025-09-05T15:00:43.469+09:00  INFO 18660 --- [CapstoneProjectManagementPlatform] [restartedMain] o.h.j.i.u.LogHelper                      : HHH000204: Processing PersistenceUnitInfo [name: default]
2025-09-05T15:00:43.473+09:00  INFO 18660 --- [CapstoneProjectManagementPlatform] [restartedMain] o.h.c.i.RegionFactoryInitiator           : HHH000026: Second-level cache disabled
2025-09-05T15:00:43.483+09:00  INFO 18660 --- [CapstoneProjectManagementPlatform] [restartedMain] o.s.o.j.p.SpringPersistenceUnitInfo      : No LoadTimeWeaver setup: ignoring JPA class transformer
2025-09-05T15:00:43.485+09:00  INFO 18660 --- [CapstoneProjectManagementPlatform] [restartedMain] o.h.o.c.pooling                          : HHH10001005: Database info:
	Database JDBC URL [Connecting through datasource 'HikariDataSource (HikariPool-4)']
	Database driver: undefined/unknown
	Database version: 2.3.232
	Autocommit mode: undefined/unknown
	Isolation level: undefined/unknown
	Minimum pool size: undefined/unknown
	Maximum pool size: undefined/unknown
2025-09-05T15:00:43.503+09:00  INFO 18660 --- [CapstoneProjectManagementPlatform] [restartedMain] o.h.e.t.j.p.i.JtaPlatformInitiator       : HHH000489: No JTA platform available (set 'hibernate.transaction.jta.platform' to enable JTA platform integration)
2025-09-05T15:00:43.504+09:00  INFO 18660 --- [CapstoneProjectManagementPlatform] [restartedMain] j.LocalContainerEntityManagerFactoryBean : Initialized JPA EntityManagerFactory for persistence unit 'default'
2025-09-05T15:00:43.530+09:00  WARN 18660 --- [CapstoneProjectManagementPlatform] [restartedMain] JpaBaseConfiguration$JpaWebConfiguration : spring.jpa.open-in-view is enabled by default. Therefore, database queries may be performed during view rendering. Explicitly configure spring.jpa.open-in-view to disable this warning
2025-09-05T15:00:43.595+09:00  WARN 18660 --- [CapstoneProjectManagementPlatform] [restartedMain] ion$DefaultTemplateResolverConfiguration : Cannot find template location: classpath:/templates/ (please add some templates, check your Thymeleaf configuration, or set spring.thymeleaf.check-template-location=false)
2025-09-05T15:00:43.707+09:00  WARN 18660 --- [CapstoneProjectManagementPlatform] [restartedMain] .s.s.UserDetailsServiceAutoConfiguration : 

Using generated security password: 8a691392-09b6-4293-a455-0222378c7429

This generated password is for development use only. Your security configuration must be updated before running your application in production.

2025-09-05T15:00:43.708+09:00  INFO 18660 --- [CapstoneProjectManagementPlatform] [restartedMain] r$InitializeUserDetailsManagerConfigurer : Global AuthenticationManager configured with UserDetailsService bean with name inMemoryUserDetailsManager
2025-09-05T15:00:43.723+09:00  INFO 18660 --- [CapstoneProjectManagementPlatform] [restartedMain] o.s.b.a.e.w.EndpointLinksResolver        : Exposing 15 endpoints beneath base path '/actuator'
2025-09-05T15:00:43.752+09:00  INFO 18660 --- [CapstoneProjectManagementPlatform] [restartedMain] o.s.b.a.h.H2ConsoleAutoConfiguration     : H2 console available at '/h2-console'. Database available at 'jdbc:h2:mem:874be169-6a87-4258-9db9-86f50f1b7d6a'
2025-09-05T15:00:43.767+09:00  INFO 18660 --- [CapstoneProjectManagementPlatform] [restartedMain] o.s.b.d.a.OptionalLiveReloadServer       : LiveReload server is running on port 35729
2025-09-05T15:00:43.787+09:00  INFO 18660 --- [CapstoneProjectManagementPlatform] [restartedMain] o.s.b.w.e.t.TomcatWebServer              : Tomcat started on port 8080 (http) with context path '/'
2025-09-05T15:00:43.796+09:00  INFO 18660 --- [CapstoneProjectManagementPlatform] [restartedMain] toneProjectManagementPlatformApplication : Started CapstoneProjectManagementPlatformApplication in 1.01 seconds (process running for 516.959)
2025-09-05T15:00:43.797+09:00  INFO 18660 --- [CapstoneProjectManagementPlatform] [restartedMain] .ConditionEvaluationDeltaLoggingListener : Condition evaluation unchanged
2025-09-05T15:00:45.183+09:00  INFO 18660 --- [CapstoneProjectManagementPlatform] [File Watcher] rtingClassPathChangeChangedEventListener : Restarting due to 3 class path changes (3 additions, 0 deletions, 0 modifications)
2025-09-05T15:00:45.184+09:00  INFO 18660 --- [CapstoneProjectManagementPlatform] [Thread-16] o.s.b.w.e.t.GracefulShutdown             : Commencing graceful shutdown. Waiting for active requests to complete
2025-09-05T15:00:46.005+09:00  INFO 18660 --- [CapstoneProjectManagementPlatform] [tomcat-shutdown] o.s.b.w.e.t.GracefulShutdown             : Graceful shutdown complete
2025-09-05T15:00:46.010+09:00  INFO 18660 --- [CapstoneProjectManagementPlatform] [Thread-16] j.LocalContainerEntityManagerFactoryBean : Closing JPA EntityManagerFactory for persistence unit 'default'
2025-09-05T15:00:46.011+09:00  WARN 18660 --- [CapstoneProjectManagementPlatform] [Thread-16] o.s.b.f.s.DisposableBeanAdapter          : Invocation of destroy method failed on bean with name 'inMemoryDatabaseShutdownExecutor': org.h2.jdbc.JdbcSQLNonTransientConnectionException: Database is already closed (to disable automatic closing at VM shutdown, add ";DB_CLOSE_ON_EXIT=FALSE" to the db URL) [90121-232]
2025-09-05T15:00:46.012+09:00  INFO 18660 --- [CapstoneProjectManagementPlatform] [Thread-16] c.z.h.HikariDataSource                   : HikariPool-4 - Shutdown initiated...
2025-09-05T15:00:46.013+09:00  INFO 18660 --- [CapstoneProjectManagementPlatform] [Thread-16] c.z.h.HikariDataSource                   : HikariPool-4 - Shutdown completed.
2025-09-05T15:00:46.129+09:00  INFO 18660 --- [CapstoneProjectManagementPlatform] [restartedMain] toneProjectManagementPlatformApplication : Starting CapstoneProjectManagementPlatformApplication using Java 17.0.2 with PID 18660 (C:\myproject2\CapstoneProjectManagementPlatform\target\classes started by 82103 in C:\myproject2\CapstoneProjectManagementPlatform)
2025-09-05T15:00:46.130+09:00  INFO 18660 --- [CapstoneProjectManagementPlatform] [restartedMain] toneProjectManagementPlatformApplication : The following 1 profile is active: "prod"
2025-09-05T15:00:46.589+09:00  INFO 18660 --- [CapstoneProjectManagementPlatform] [restartedMain] .s.d.r.c.RepositoryConfigurationDelegate : Bootstrapping Spring Data JPA repositories in DEFAULT mode.
2025-09-05T15:00:46.594+09:00  INFO 18660 --- [CapstoneProjectManagementPlatform] [restartedMain] .s.d.r.c.RepositoryConfigurationDelegate : Finished Spring Data repository scanning in 3 ms. Found 0 JPA repository interfaces.
2025-09-05T15:00:46.699+09:00  INFO 18660 --- [CapstoneProjectManagementPlatform] [restartedMain] o.s.b.w.e.t.TomcatWebServer              : Tomcat initialized with port 8080 (http)
2025-09-05T15:00:46.700+09:00  INFO 18660 --- [CapstoneProjectManagementPlatform] [restartedMain] o.a.c.c.StandardService                  : Starting service [Tomcat]
2025-09-05T15:00:46.700+09:00  INFO 18660 --- [CapstoneProjectManagementPlatform] [restartedMain] o.a.c.c.StandardEngine                   : Starting Servlet engine: [Apache Tomcat/10.1.43]
2025-09-05T15:00:46.749+09:00  INFO 18660 --- [CapstoneProjectManagementPlatform] [restartedMain] o.a.c.c.C.[.[.[/]                        : Initializing Spring embedded WebApplicationContext
2025-09-05T15:00:46.749+09:00  INFO 18660 --- [CapstoneProjectManagementPlatform] [restartedMain] w.s.c.ServletWebServerApplicationContext : Root WebApplicationContext: initialization completed in 617 ms
2025-09-05T15:00:46.826+09:00  INFO 18660 --- [CapstoneProjectManagementPlatform] [restartedMain] c.z.h.HikariDataSource                   : HikariPool-5 - Starting...
2025-09-05T15:00:46.828+09:00  INFO 18660 --- [CapstoneProjectManagementPlatform] [restartedMain] c.z.h.p.HikariPool                       : HikariPool-5 - Added connection conn40: url=jdbc:h2:mem:81a60e5f-de40-4700-82c5-1343706bfe9b user=SA
2025-09-05T15:00:46.829+09:00  INFO 18660 --- [CapstoneProjectManagementPlatform] [restartedMain] c.z.h.HikariDataSource                   : HikariPool-5 - Start completed.
2025-09-05T15:00:46.830+09:00  INFO 18660 --- [CapstoneProjectManagementPlatform] [restartedMain] o.h.j.i.u.LogHelper                      : HHH000204: Processing PersistenceUnitInfo [name: default]
2025-09-05T15:00:46.833+09:00  INFO 18660 --- [CapstoneProjectManagementPlatform] [restartedMain] o.h.c.i.RegionFactoryInitiator           : HHH000026: Second-level cache disabled
2025-09-05T15:00:46.840+09:00  INFO 18660 --- [CapstoneProjectManagementPlatform] [restartedMain] o.s.o.j.p.SpringPersistenceUnitInfo      : No LoadTimeWeaver setup: ignoring JPA class transformer
2025-09-05T15:00:46.842+09:00  INFO 18660 --- [CapstoneProjectManagementPlatform] [restartedMain] o.h.o.c.pooling                          : HHH10001005: Database info:
	Database JDBC URL [Connecting through datasource 'HikariDataSource (HikariPool-5)']
	Database driver: undefined/unknown
	Database version: 2.3.232
	Autocommit mode: undefined/unknown
	Isolation level: undefined/unknown
	Minimum pool size: undefined/unknown
	Maximum pool size: undefined/unknown
2025-09-05T15:00:46.867+09:00  INFO 18660 --- [CapstoneProjectManagementPlatform] [restartedMain] o.h.e.t.j.p.i.JtaPlatformInitiator       : HHH000489: No JTA platform available (set 'hibernate.transaction.jta.platform' to enable JTA platform integration)
2025-09-05T15:00:46.867+09:00  INFO 18660 --- [CapstoneProjectManagementPlatform] [restartedMain] j.LocalContainerEntityManagerFactoryBean : Initialized JPA EntityManagerFactory for persistence unit 'default'
2025-09-05T15:00:46.899+09:00  WARN 18660 --- [CapstoneProjectManagementPlatform] [restartedMain] JpaBaseConfiguration$JpaWebConfiguration : spring.jpa.open-in-view is enabled by default. Therefore, database queries may be performed during view rendering. Explicitly configure spring.jpa.open-in-view to disable this warning
2025-09-05T15:00:46.991+09:00  WARN 18660 --- [CapstoneProjectManagementPlatform] [restartedMain] ion$DefaultTemplateResolverConfiguration : Cannot find template location: classpath:/templates/ (please add some templates, check your Thymeleaf configuration, or set spring.thymeleaf.check-template-location=false)
2025-09-05T15:00:47.128+09:00  WARN 18660 --- [CapstoneProjectManagementPlatform] [restartedMain] .s.s.UserDetailsServiceAutoConfiguration : 

Using generated security password: 42fb042a-09a0-404b-ab8b-d8d3961811ee

This generated password is for development use only. Your security configuration must be updated before running your application in production.

2025-09-05T15:00:47.129+09:00  INFO 18660 --- [CapstoneProjectManagementPlatform] [restartedMain] r$InitializeUserDetailsManagerConfigurer : Global AuthenticationManager configured with UserDetailsService bean with name inMemoryUserDetailsManager
2025-09-05T15:00:47.146+09:00  INFO 18660 --- [CapstoneProjectManagementPlatform] [restartedMain] o.s.b.a.e.w.EndpointLinksResolver        : Exposing 15 endpoints beneath base path '/actuator'
2025-09-05T15:00:47.185+09:00  INFO 18660 --- [CapstoneProjectManagementPlatform] [restartedMain] o.s.b.a.h.H2ConsoleAutoConfiguration     : H2 console available at '/h2-console'. Database available at 'jdbc:h2:mem:81a60e5f-de40-4700-82c5-1343706bfe9b'
2025-09-05T15:00:47.205+09:00  INFO 18660 --- [CapstoneProjectManagementPlatform] [restartedMain] o.s.b.d.a.OptionalLiveReloadServer       : LiveReload server is running on port 35729
2025-09-05T15:00:47.231+09:00  INFO 18660 --- [CapstoneProjectManagementPlatform] [restartedMain] o.s.b.w.e.t.TomcatWebServer              : Tomcat started on port 8080 (http) with context path '/'
2025-09-05T15:00:47.244+09:00  INFO 18660 --- [CapstoneProjectManagementPlatform] [restartedMain] toneProjectManagementPlatformApplication : Started CapstoneProjectManagementPlatformApplication in 1.178 seconds (process running for 520.408)
2025-09-05T15:00:47.247+09:00  INFO 18660 --- [CapstoneProjectManagementPlatform] [restartedMain] .ConditionEvaluationDeltaLoggingListener : Condition evaluation unchanged
2025-09-05T15:01:16.307+09:00  INFO 18660 --- [CapstoneProjectManagementPlatform] [File Watcher] rtingClassPathChangeChangedEventListener : Restarting due to 1 class path change (0 additions, 0 deletions, 1 modification)
2025-09-05T15:01:16.310+09:00  INFO 18660 --- [CapstoneProjectManagementPlatform] [Thread-20] o.s.b.w.e.t.GracefulShutdown             : Commencing graceful shutdown. Waiting for active requests to complete
2025-09-05T15:01:16.789+09:00  INFO 18660 --- [CapstoneProjectManagementPlatform] [tomcat-shutdown] o.s.b.w.e.t.GracefulShutdown             : Graceful shutdown complete
2025-09-05T15:01:16.792+09:00  INFO 18660 --- [CapstoneProjectManagementPlatform] [Thread-20] j.LocalContainerEntityManagerFactoryBean : Closing JPA EntityManagerFactory for persistence unit 'default'
2025-09-05T15:01:16.794+09:00  WARN 18660 --- [CapstoneProjectManagementPlatform] [Thread-20] o.s.b.f.s.DisposableBeanAdapter          : Invocation of destroy method failed on bean with name 'inMemoryDatabaseShutdownExecutor': org.h2.jdbc.JdbcSQLNonTransientConnectionException: Database is already closed (to disable automatic closing at VM shutdown, add ";DB_CLOSE_ON_EXIT=FALSE" to the db URL) [90121-232]
2025-09-05T15:01:16.794+09:00  INFO 18660 --- [CapstoneProjectManagementPlatform] [Thread-20] c.z.h.HikariDataSource                   : HikariPool-5 - Shutdown initiated...
2025-09-05T15:01:16.795+09:00  INFO 18660 --- [CapstoneProjectManagementPlatform] [Thread-20] c.z.h.HikariDataSource                   : HikariPool-5 - Shutdown completed.
